<?xml version="1.0" encoding="UTF-8"?>
<!-- Generated by org.testng.reporters.JUnitXMLReporter -->
<testsuite ignored="0" hostname="DESKTOP-383AQQU" failures="0" tests="4" name="Test" time="11.049" errors="0" timestamp="2024-12-09T22:21:54 IST">
  <testcase classname="TestCases.AddPlaceInMaps" name="addPlace" time="6.271"/>
  <testcase classname="TestCases.GetPlaceInMaps" name="GetPlace" time="1.225"/>
  <testcase classname="TestCases.UpdatePlaceInMaps" name="GetPlace" time="1.836"/>
  <testcase classname="TestCases.DeletePlaceInMaps" name="DeletePlace" time="1.583"/>
</testsuite> <!-- Test -->
